I, [2012-11-09T12:10:53.592751 #4191]  INFO -- : Refreshing Gem list
/Users/howl/.rvm/gems/ruby-1.9.3-p194@global/gems/bundler-1.1.5/lib/bundler.rb:255: warning: Insecure world writable dir /usr/local in PATH, mode 040777
I, [2012-11-09T12:10:58.429276 #4191]  INFO -- : listening on addr=/tmp/unicorn_meta.sock fd=10
I, [2012-11-09T12:10:58.433122 #4195]  INFO -- : worker=0 spawned pid=4195
I, [2012-11-09T12:10:58.433916 #4195]  INFO -- : worker=0 ready
I, [2012-11-09T12:10:58.433734 #4196]  INFO -- : worker=1 spawned pid=4196
I, [2012-11-09T12:10:58.434450 #4196]  INFO -- : worker=1 ready
I, [2012-11-09T12:10:58.434355 #4197]  INFO -- : worker=2 spawned pid=4197
I, [2012-11-09T12:10:58.435110 #4197]  INFO -- : worker=2 ready
I, [2012-11-09T12:10:58.436230 #4191]  INFO -- : master process ready
I, [2012-11-09T12:10:58.436346 #4198]  INFO -- : worker=3 spawned pid=4198
I, [2012-11-09T12:10:58.436760 #4199]  INFO -- : worker=4 spawned pid=4199
I, [2012-11-09T12:10:58.436990 #4198]  INFO -- : worker=3 ready
I, [2012-11-09T12:10:58.437383 #4199]  INFO -- : worker=4 ready
I, [2012-11-09T12:10:58.438092 #4200]  INFO -- : worker=5 spawned pid=4200
I, [2012-11-09T12:10:58.438671 #4200]  INFO -- : worker=5 ready
I, [2012-11-09T12:12:35.526196 #4209]  INFO -- : Refreshing Gem list
/Users/howl/.rvm/gems/ruby-1.9.3-p194@global/gems/bundler-1.1.5/lib/bundler.rb:255: warning: Insecure world writable dir /usr/local in PATH, mode 040777
I, [2012-11-09T12:12:42.713365 #4209]  INFO -- : listening on addr=0.0.0.0:8080 fd=9
I, [2012-11-09T12:12:42.713840 #4209]  INFO -- : unlinking existing socket=/tmp/unicorn_meta.sock
I, [2012-11-09T12:12:42.714068 #4209]  INFO -- : listening on addr=/tmp/unicorn_meta.sock fd=10
I, [2012-11-09T12:12:42.718036 #4213]  INFO -- : worker=0 spawned pid=4213
I, [2012-11-09T12:12:42.718391 #4214]  INFO -- : worker=1 spawned pid=4214
I, [2012-11-09T12:12:42.719019 #4213]  INFO -- : worker=0 ready
I, [2012-11-09T12:12:42.719156 #4214]  INFO -- : worker=1 ready
I, [2012-11-09T12:12:42.719514 #4215]  INFO -- : worker=2 spawned pid=4215
I, [2012-11-09T12:12:42.720228 #4215]  INFO -- : worker=2 ready
I, [2012-11-09T12:12:42.721370 #4209]  INFO -- : master process ready
I, [2012-11-09T12:12:42.721731 #4216]  INFO -- : worker=3 spawned pid=4216
I, [2012-11-09T12:12:42.722695 #4216]  INFO -- : worker=3 ready
I, [2012-11-09T12:12:42.722594 #4217]  INFO -- : worker=4 spawned pid=4217
I, [2012-11-09T12:12:42.723298 #4217]  INFO -- : worker=4 ready
I, [2012-11-09T12:12:42.723618 #4218]  INFO -- : worker=5 spawned pid=4218
I, [2012-11-09T12:12:42.724147 #4218]  INFO -- : worker=5 ready
I, [2012-11-09T12:23:05.727545 #4209]  INFO -- : reaped #<Process::Status: pid 4218 exit 0> worker=5
I, [2012-11-09T12:23:05.739890 #4209]  INFO -- : reaped #<Process::Status: pid 4217 exit 0> worker=4
I, [2012-11-09T12:23:05.739970 #4209]  INFO -- : reaped #<Process::Status: pid 4216 exit 0> worker=3
I, [2012-11-09T12:23:05.740136 #4209]  INFO -- : reaped #<Process::Status: pid 4215 exit 0> worker=2
I, [2012-11-09T12:23:05.740295 #4209]  INFO -- : reaped #<Process::Status: pid 4214 exit 0> worker=1
I, [2012-11-09T12:23:05.740337 #4209]  INFO -- : reaped #<Process::Status: pid 4213 exit 0> worker=0
I, [2012-11-09T12:23:05.740630 #4209]  INFO -- : master complete
